<?xml version="1.0" encoding="UTF-8"?>
<!-- Generated by org.testng.reporters.JUnitReportReporter -->
<testsuite skipped="0" hostname="DESKTOP-GVU7P1Q" name="SeleniumDev.TestClass" tests="1" failures="0" timestamp="03 Mar 2020 08:52:22 GMT" time="0.032" errors="0">
  <testcase name="testMethod1" time="0.032" classname="SeleniumDev.TestClass"/>
</testsuite> <!-- SeleniumDev.TestClass -->
